Running: /opt/Xilinx/14.7/ISE_DS/ISE/bin/lin64/unwrapped/fuse -intstyle ise -incremental -lib secureip -o /home/ise/ISE/Group14_Lab7/FOUR_BIT_ALU_TB_isim_beh.exe -prj /home/ise/ISE/Group14_Lab7/FOUR_BIT_ALU_TB_beh.prj work.FOUR_BIT_ALU_TB 
ISim P.20131013 (signature 0xfbc00daa)
Number of CPUs detected in this system: 1
Turning on mult-threading, number of parallel sub-compilation jobs: 0 
Determining compilation order of HDL files
Parsing VHDL file "/home/ise/ISE/Group14_Lab7/two_to_one_mux.vhd" into library work
Parsing VHDL file "/home/ise/ISE/Group14_Lab7/logic.vhd" into library work
Parsing VHDL file "/home/ise/ISE/Group14_Lab7/ALU_ONE_BIT.vhd" into library work
Parsing VHDL file "/home/ise/ISE/Group14_Lab7/FOUR_BIT_ALU.vhd" into library work
Parsing VHDL file "/home/ise/ISE/Group14_Lab7/FOUR_BIT_ALU_TB.vhd" into library work
Starting static elaboration
WARNING:HDLCompiler:89 - "/home/ise/ISE/Group14_Lab7/ALU_ONE_BIT.vhd" Line 73: <arithmeticunit> remains a black-box since it has no binding entity.
Completed static elaboration
Fuse Memory Usage: 95468 KB
Fuse CPU Usage: 1090 ms
WARNING:Simulator:648 - "/home/ise/ISE/Group14_Lab7/ALU_ONE_BIT.vhd" Line 73. Instance arithmeticunit is unbound
Compiling package standard
Compiling package std_logic_1164
Compiling architecture behavioral of entity logic [logic_default]
Compiling architecture behavioral of entity two_to_one_mux [two_to_one_mux_default]
Compiling architecture behavioral of entity ALU_ONE_BIT [alu_one_bit_default]
Compiling architecture behavioral of entity FOUR_BIT_ALU [four_bit_alu_default]
Compiling architecture behavior of entity four_bit_alu_tb
Time Resolution for simulation is 1ps.
Compiled 11 VHDL Units
Built simulation executable /home/ise/ISE/Group14_Lab7/FOUR_BIT_ALU_TB_isim_beh.exe
Fuse Memory Usage: 104136 KB
Fuse CPU Usage: 1260 ms
GCC CPU Usage: 340 ms
